<?xml version="1.0" encoding="UTF-8"?>
<testsuite xmlns:xsi="http://www.w3.org/2001/XMLSchema-instance" xsi:noNamespaceSchemaLocation="https://maven.apache.org/surefire/maven-surefire-plugin/xsd/surefire-test-report-3.0.xsd" version="3.0" name="com.openclassroom.gateway.GatewaySecurityTest" time="5.07" tests="2" errors="0" skipped="0" failures="0">
  <properties>
[...]
</properties>
  <testcase name="shouldReturnUnauthorizedWhenUnauthenticated" classname="com.openclassroom.gateway.GatewaySecurityTest" time="1.042">
    <system-out><![CDATA[12:22:51.731 [main] INFO org.springframework.test.context.support.AnnotationConfigContextLoaderUtils -- Could not detect default configuration classes for test class [com.openclassroom.gateway.GatewaySecurityTest]: GatewaySecurityTest does not declare any static, non-private, non-final, nested classes annotated with @Configuration.
12:22:51.840 [main] INFO org.springframework.boot.test.context.SpringBootTestContextBootstrapper -- Found @SpringBootConfiguration com.openclassroom.gateway.GatewayApplication for test class com.openclassroom.gateway.GatewaySecurityTest

  .   ____          _            __ _ _
 /\\ / ___'_ __ _ _(_)_ __  __ _ \ \ \ \
( ( )\___ | '_ | '_| | '_ \/ _` | \ \ \ \
 \\/  ___)| |_)| | | | | || (_| |  ) ) ) )
  '  |____| .__|_| |_|_| |_\__, | / / / /
 =========|_|==============|___/=/_/_/_/

 :: Spring Boot ::                (v3.3.5)

2026-02-19T12:22:52.412+01:00  INFO 46976 --- [gateway] [           main] c.o.gateway.GatewaySecurityTest          : Starting GatewaySecurityTest using Java 17.0.12 with PID 46976 (started by Utilisateur in C:\Users\Utilisateur\Documents\openclassroom\p9_java_springboot\gateway)
2026-02-19T12:22:52.413+01:00  INFO 46976 --- [gateway] [           main] c.o.gateway.GatewaySecurityTest          : No active profile set, falling back to 1 default profile: "default"
2026-02-19T12:22:53.386+01:00  INFO 46976 --- [gateway] [           main] o.s.cloud.context.scope.GenericScope     : BeanFactory id=c6b5d5ef-1786-3302-ae87-a3547935dfb1
2026-02-19T12:22:53.792+01:00  WARN 46976 --- [gateway] [           main] o.s.security.core.userdetails.User       : User.withDefaultPasswordEncoder() is considered unsafe for production and is only intended for sample applications.
2026-02-19T12:22:54.512+01:00 DEBUG 46976 --- [gateway] [           main] o.s.c.gateway.config.GatewayProperties   : Routes supplied from Gateway Properties: [RouteDefinition{id='patient-service', predicates=[PredicateDefinition{name='Path', args={_genkey_0=/patients/**}}], filters=[], uri=http://patient-back:8081, order=0, metadata={}}, RouteDefinition{id='frontend', predicates=[PredicateDefinition{name='Path', args={_genkey_0=/frontend/**}}], filters=[FilterDefinition{name='StripPrefix', args={_genkey_0=1}}], uri=http://frontend:8084, order=0, metadata={}}, RouteDefinition{id='doctor-notes', predicates=[PredicateDefinition{name='Path', args={_genkey_0=/notes/**}}], filters=[], uri=http://doctor-notes:8080, order=0, metadata={}}, RouteDefinition{id='diabetes-risk', predicates=[PredicateDefinition{name='Path', args={_genkey_0=/risk/**}}], filters=[], uri=http://diabetes-risk:8085, order=0, metadata={}}]
2026-02-19T12:22:54.585+01:00  INFO 46976 --- [gateway] [           main] o.s.c.g.r.RouteDefinitionRouteLocator    : Loaded RoutePredicateFactory [After]
2026-02-19T12:22:54.585+01:00  INFO 46976 --- [gateway] [           main] o.s.c.g.r.RouteDefinitionRouteLocator    : Loaded RoutePredicateFactory [Before]
2026-02-19T12:22:54.585+01:00  INFO 46976 --- [gateway] [           main] o.s.c.g.r.RouteDefinitionRouteLocator    : Loaded RoutePredicateFactory [Between]
2026-02-19T12:22:54.585+01:00  INFO 46976 --- [gateway] [           main] o.s.c.g.r.RouteDefinitionRouteLocator    : Loaded RoutePredicateFactory [Cookie]
2026-02-19T12:22:54.585+01:00  INFO 46976 --- [gateway] [           main] o.s.c.g.r.RouteDefinitionRouteLocator    : Loaded RoutePredicateFactory [Header]
2026-02-19T12:22:54.585+01:00  INFO 46976 --- [gateway] [           main] o.s.c.g.r.RouteDefinitionRouteLocator    : Loaded RoutePredicateFactory [Host]
2026-02-19T12:22:54.585+01:00  INFO 46976 --- [gateway] [           main] o.s.c.g.r.RouteDefinitionRouteLocator    : Loaded RoutePredicateFactory [Method]
2026-02-19T12:22:54.585+01:00  INFO 46976 --- [gateway] [           main] o.s.c.g.r.RouteDefinitionRouteLocator    : Loaded RoutePredicateFactory [Path]
2026-02-19T12:22:54.585+01:00  INFO 46976 --- [gateway] [           main] o.s.c.g.r.RouteDefinitionRouteLocator    : Loaded RoutePredicateFactory [Query]
2026-02-19T12:22:54.585+01:00  INFO 46976 --- [gateway] [           main] o.s.c.g.r.RouteDefinitionRouteLocator    : Loaded RoutePredicateFactory [ReadBody]
2026-02-19T12:22:54.585+01:00  INFO 46976 --- [gateway] [           main] o.s.c.g.r.RouteDefinitionRouteLocator    : Loaded RoutePredicateFactory [RemoteAddr]
2026-02-19T12:22:54.586+01:00  INFO 46976 --- [gateway] [           main] o.s.c.g.r.RouteDefinitionRouteLocator    : Loaded RoutePredicateFactory [XForwardedRemoteAddr]
2026-02-19T12:22:54.586+01:00  INFO 46976 --- [gateway] [           main] o.s.c.g.r.RouteDefinitionRouteLocator    : Loaded RoutePredicateFactory [Weight]
2026-02-19T12:22:54.586+01:00  INFO 46976 --- [gateway] [           main] o.s.c.g.r.RouteDefinitionRouteLocator    : Loaded RoutePredicateFactory [CloudFoundryRouteService]
2026-02-19T12:22:54.913+01:00  INFO 46976 --- [gateway] [           main] o.s.b.a.e.web.EndpointLinksResolver      : Exposing 1 endpoint beneath base path '/actuator'
2026-02-19T12:22:55.285+01:00  INFO 46976 --- [gateway] [           main] o.s.b.web.embedded.netty.NettyWebServer  : Netty started on port 57055 (http)
2026-02-19T12:22:55.507+01:00 DEBUG 46976 --- [gateway] [           main] o.s.c.g.r.RouteDefinitionRouteLocator    : RouteDefinition patient-service applying {_genkey_0=/patients/**} to Path
2026-02-19T12:22:55.524+01:00 DEBUG 46976 --- [gateway] [           main] o.s.c.g.r.RouteDefinitionRouteLocator    : RouteDefinition matched: patient-service
2026-02-19T12:22:55.524+01:00 DEBUG 46976 --- [gateway] [           main] o.s.c.g.r.RouteDefinitionRouteLocator    : RouteDefinition frontend applying {_genkey_0=/frontend/**} to Path
2026-02-19T12:22:55.525+01:00 DEBUG 46976 --- [gateway] [           main] o.s.c.g.r.RouteDefinitionRouteLocator    : RouteDefinition frontend applying filter {_genkey_0=1} to StripPrefix
2026-02-19T12:22:55.530+01:00 DEBUG 46976 --- [gateway] [           main] o.s.c.g.r.RouteDefinitionRouteLocator    : RouteDefinition matched: frontend
2026-02-19T12:22:55.530+01:00 DEBUG 46976 --- [gateway] [           main] o.s.c.g.r.RouteDefinitionRouteLocator    : RouteDefinition doctor-notes applying {_genkey_0=/notes/**} to Path
2026-02-19T12:22:55.531+01:00 DEBUG 46976 --- [gateway] [           main] o.s.c.g.r.RouteDefinitionRouteLocator    : RouteDefinition matched: doctor-notes
2026-02-19T12:22:55.531+01:00 DEBUG 46976 --- [gateway] [           main] o.s.c.g.r.RouteDefinitionRouteLocator    : RouteDefinition diabetes-risk applying {_genkey_0=/risk/**} to Path
2026-02-19T12:22:55.532+01:00 DEBUG 46976 --- [gateway] [           main] o.s.c.g.r.RouteDefinitionRouteLocator    : RouteDefinition matched: diabetes-risk
2026-02-19T12:22:55.535+01:00 DEBUG 46976 --- [gateway] [           main] o.s.c.g.filter.GatewayMetricsFilter      : New routes count: 4
2026-02-19T12:22:55.535+01:00  INFO 46976 --- [gateway] [           main] c.o.gateway.GatewaySecurityTest          : Started GatewaySecurityTest in 3.54 seconds (process running for 4.493)
]]></system-out>
  </testcase>
  <testcase name="loginPageShouldBeAccessible" classname="com.openclassroom.gateway.GatewaySecurityTest" time="0.02"/>
</testsuite>